<?xml version="1.0" encoding="UTF-8"?>
<!-- Generated by org.testng.reporters.JUnitXMLReporter -->
<testsuite hostname="DESKTOP-7M3JFMD" ignored="0" name="Default test" tests="4" failures="0" timestamp="09 一月 2022 07:50:58 GMT" time="51.481" errors="0">
  <testcase name="accessIndex" time="4.217" classname="com.crypto.task1.cases.FirstSubTradeTest"/>
  <testcase name="setCookie" time="38.384" classname="com.crypto.task1.cases.FirstSubTradeTest"/>
  <testcase name="getCro" time="0.232" classname="com.crypto.task1.cases.FirstSubTradeTest"/>
  <testcase name="getFirstSubTrade" time="0.964" classname="com.crypto.task1.cases.FirstSubTradeTest"/>
</testsuite> <!-- Default test -->
