<?xml version="1.0" encoding="UTF-8"?>
<testng-results skipped="0" failed="0" ignored="3" total="4" passed="1">
  <reporter-output>
  </reporter-output>
  <suite name="Default suite" duration-ms="962" started-at="2022-02-21T15:23:38Z" finished-at="2022-02-21T15:23:39Z">
    <groups>
    </groups>
    <test name="Default test" duration-ms="962" started-at="2022-02-21T15:23:38Z" finished-at="2022-02-21T15:23:39Z">
      <class name="com.crypto.task2.cases.Forcast4NineTest">
        <test-method status="PASS" signature="test1(java.lang.Integer, java.lang.String, java.lang.String)[pri:0, instance:com.crypto.task2.cases.Forcast4NineTest@ae45eb6]" name="test1" duration-ms="822" started-at="2022-02-21T23:23:38Z" description="测试接口-新模式" data-provider="test1" finished-at="2022-02-21T23:23:39Z">
          <params>
            <param index="0">
              <value>
                <![CDATA[1]]>
              </value>
            </param>
            <param index="1">
              <value>
                <![CDATA[{"assertMap":{"alipay_trade_pay_response.weatherForecast[0].week":"星期二","alipay_trade_pay_response.weatherForecast[1].week":"星期三"},"reqHeader":{},"request":{"dataType":"fnd","lang":"en"},"url":"/weatherAPI/opendata/weather.php","urlWithParam":"/weatherAPI/opendata/weather.php?dataType=fnd&lang=en"}]]>
              </value>
            </param>
            <param index="2">
              <value>
                <![CDATA[测试中文版本的天气预报-week字段值]]>
              </value>
            </param>
          </params>
          <reporter-output>
          </reporter-output>
        </test-method> <!-- test1 -->
        <test-method status="PASS" signature="afterTest(org.testng.ITestResult)[pri:0, instance:com.crypto.task2.cases.Forcast4NineTest@ae45eb6]" name="afterTest" is-config="true" duration-ms="11" started-at="2022-02-21T23:23:39Z" finished-at="2022-02-21T23:23:39Z">
          <params>
            <param index="0">
              <value>
                <![CDATA[[TestResult name=test1 status=SUCCESS method=Forcast4NineTest.test1(java.lang.Integer, java.lang.String, java.lang.String)[pri:0, instance:com.crypto.task2.cases.Forcast4NineTest@ae45eb6] output={null}]]]>
              </value>
            </param>
          </params>
          <reporter-output>
          </reporter-output>
        </test-method> <!-- afterTest -->
      </class> <!-- com.crypto.task2.cases.Forcast4NineTest -->
    </test> <!-- Default test -->
  </suite> <!-- Default suite -->
</testng-results>
