<?xml version="1.0" encoding="UTF-8"?>
<!-- Generated by org.testng.reporters.JUnitXMLReporter -->
<testsuite hostname="DESKTOP-7M3JFMD" ignored="3" name="Default test" tests="1" failures="0" timestamp="21 二月 2022 15:23:39 GMT" time="0.962" errors="0">
  <testcase name="test1" time="0.822" classname="com.crypto.task2.cases.Forcast4NineTest"/>
  <testcase name="testWentByDay" time="0.0" classname="com.crypto.task2.cases.Forcast4NineTest">
    <ignored/>
  </testcase> <!-- testWentByDay -->
  <testcase name="testAccess200" time="0.0" classname="com.crypto.task2.cases.Forcast4NineTest">
    <ignored/>
  </testcase> <!-- testAccess200 -->
  <testcase name="forcast4NineUrl" time="0.0" classname="com.crypto.task2.cases.Forcast4NineTest">
    <ignored/>
  </testcase> <!-- forcast4NineUrl -->
</testsuite> <!-- Default test -->
