<?xml version="1.0" encoding="UTF-8"?>
<!-- Generated by org.testng.reporters.JUnitXMLReporter -->
<testsuite hostname="DESKTOP-7M3JFMD" ignored="0" name="Default test" tests="10" failures="0" timestamp="09 一月 2022 07:55:24 GMT" time="32.206" errors="0">
  <testcase name="forcast4NineUrl" time="0.002" classname="com.crypto.task2.cases.Forcast4NineTest"/>
  <testcase name="testAccess200" time="1.516" classname="com.crypto.task2.cases.Forcast4NineTest"/>
  <testcase name="testAccess200" time="21.39" classname="com.crypto.task2.cases.Forcast4NineTest"/>
  <testcase name="testAccess200" time="2.95" classname="com.crypto.task2.cases.Forcast4NineTest"/>
  <testcase name="testWentByDay" time="0.903" classname="com.crypto.task2.cases.Forcast4NineTest"/>
  <testcase name="testWentByDay" time="1.085" classname="com.crypto.task2.cases.Forcast4NineTest"/>
  <testcase name="testWentByDay" time="0.323" classname="com.crypto.task2.cases.Forcast4NineTest"/>
  <testcase name="testWentByDay" time="1.075" classname="com.crypto.task2.cases.Forcast4NineTest"/>
  <testcase name="testWentByDay" time="2.328" classname="com.crypto.task2.cases.Forcast4NineTest"/>
  <testcase name="testWentByDay" time="0.593" classname="com.crypto.task2.cases.Forcast4NineTest"/>
</testsuite> <!-- Default test -->
